1601042158337	mozrunner::runner	INFO	Running command: "C:\\Program Files\\Firefox Developer Edition\\firefox.exe" "-marionette" "-foreground" "-no-remote" "-profile" "C:\\Users\\marcelo\\AppData\\Local\\Temp\\rust_mozprofileRe3tyy"
Can't find symbol 'eglSwapBuffersWithDamageEXT'.
JavaScript error: resource://gre/modules/XULStore.jsm, line 66: Error: Can't find profile directory.
console.warn: SearchSettings: "get: No settings file exists, new profile?" (new Error("", "(unknown module)"))
1601042167132	Marionette	INFO	Listening on port 59353
1601042167521	Marionette	WARN	TLS certificate errors will be ignored for this session
JavaScript error: resource:///modules/UrlbarInput.jsm, line 1328: TypeError: (destructured parameter) is null
JavaScript error: resource:///modules/UrlbarInput.jsm, line 1328: TypeError: (destructured parameter) is null
JavaScript error: resource:///modules/UrlbarInput.jsm, line 1328: TypeError: (destructured parameter) is null
JavaScript error: resource:///modules/UrlbarInput.jsm, line 1328: TypeError: (destructured parameter) is null

###!!! [Child][RunMessage] Error: Channel closing: too late to send/recv, messages will be lost

1601042224078	Marionette	INFO	Stopped listening on port 59353

###!!! [Child][MessageChannel::SendAndWait] Error: Channel error: cannot send/recv

glSwapBuffersWithDamageEXT'.
JavaScript error: resource://gre/modules/XULStore.jsm, line 66: Error: Can't find profile directory.
console.warn: SearchSettings: "get: No settings file exists, new profile?" (new Error("", "(unknown module)"))
1601042231328	Marionette	INFO	Listening on port 59423
1601042231857	Marionette	WARN	TLS certificate errors will be ignored for this session
JavaScript error: resource:///modules/UrlbarInput.jsm, line 1328: TypeError: (destructured parameter) is null
JavaScript error: resource:///modules/UrlbarInput.jsm, line 1328: TypeError: (destructured parameter) is null
JavaScript error: resource:///modules/UrlbarInput.jsm, line 1328: TypeError: (destructured parameter) is null
JavaScript error: resource:///modules/UrlbarInput.jsm, line 1328: TypeError: (destructured parameter) is null
1601043164788	Marionette	INFO	Stopped listening on port 59423

###!!! [Child][RunMessage] Error: Channel closing: too late to send/recv, messages will be lost


###!!! [Child][MessageChannel::SendAndWait] Error: Channel error: cannot send/recv

glSwapBuffersWithDamageEXT'.
JavaScript error: resource://gre/modules/XULStore.jsm, line 66: Error: Can't find profile directory.
console.warn: SearchSettings: "get: No settings file exists, new profile?" (new Error("", "(unknown module)"))
1601042329481	Marionette	INFO	Listening on port 59494
1601042329619	Marionette	WARN	TLS certificate errors will be ignored for this session
JavaScript error: resource:///modules/UrlbarInput.jsm, line 1328: TypeError: (destructured parameter) is null
JavaScript error: resource:///modules/UrlbarInput.jsm, line 1328: TypeError: (destructured parameter) is null
JavaScript error: resource:///modules/UrlbarInput.jsm, line 1328: TypeError: (destructured parameter) is null
JavaScript error: resource:///modules/UrlbarInput.jsm, line 1328: TypeError: (destructured parameter) is null
1601042358283	Marionette	INFO	Stopped listening on port 59494

###!!! [Child][RunMessage] Error: Channel closing: too late to send/recv, messages will be lost


###!!! [Child][MessageChannel::SendAndWait] Error: Channel error: cannot send/recv

1601042445024	mozrunner::runner	INFO	Running command: "C:\\Program Files\\Firefox Developer Edition\\firefox.exe" "-marionette" "-foreground" "-no-remote" "-profile" "C:\\Users\\marcelo\\AppData\\Local\\Temp\\rust_mozprofilefEVOl5"
Can't find symbol 'eglSwapBuffersWithDamageEXT'.
JavaScript error: resource://gre/modules/XULStore.jsm, line 66: Error: Can't find profile directory.
console.warn: SearchSettings: "get: No settings file exists, new profile?" (new Error("", "(unknown module)"))
1601042456977	Marionette	INFO	Listening on port 59560
1601042459529	Marionette	WARN	TLS certificate errors will be ignored for this session
JavaScript error: resource:///modules/UrlbarInput.jsm, line 1328: TypeError: (destructured parameter) is null
JavaScript error: resource:///modules/UrlbarInput.jsm, line 1328: TypeError: (destructured parameter) is null
JavaScript error: resource:///modules/UrlbarInput.jsm, line 1328: TypeError: (destructured parameter) is null
JavaScript error: resource:///modules/UrlbarInput.jsm, line 1328: TypeError: (destructured parameter) is null
JavaScript error: resource://devtools/client/inspector/rules/utils/utils.js, line 192: TypeError: can't access property "sheet", rule is undefined
JavaScript error: resource://devtools/client/inspector/rules/utils/utils.js, line 192: TypeError: can't access property "sheet", rule is undefined
JavaScript error: resource://devtools/client/inspector/rules/utils/utils.js, line 192: TypeError: can't access property "sheet", rule is undefined
console.error: "Error while calling actor 'pagestyle's method 'getLayout'" "can't access property \"rawNode\", node is null"
console.error: "getLayout@resource://devtools/server/actors/styles.js:989:5\nhandler@resource://devtools/shared/protocol/Actor.js:172:37\nonPacket@resource://devtools/server/devtools-server-connection.js:379:58\nreceiveMessage@resource://devtools/shared/transport/child-transport.js:66:16\n"
console.error: "Error while calling actor 'pagestyle's method 'getApplied'" "can't access property \"rawNode\", node is null"
console.error: "getApplied@resource://devtools/server/actors/styles.js:566:5\nhandler@resource://devtools/shared/protocol/Actor.js:172:37\nonPacket@resource://devtools/server/devtools-server-connection.js:379:58\nreceiveMessage@resource://devtools/shared/transport/child-transport.js:66:16\n"
console.error: (new TypeError("can't access property \"treeChildren\", parent is null", "resource://devtools/client/inspector/shared/style-change-tracker.js", 67))
TypeError: can't access property "treeChildren", parent is null: canMutationImpactCurrentStyles@resource://devtools/client/inspector/shared/style-change-tracker.js:67:24
onMutations@resource://devtools/client/inspector/shared/style-change-tracker.js:84:41
_emit@resource://devtools/shared/event-emitter.js:226:34
emit@resource://devtools/shared/event-emitter.js:172:18
emit@resource://devtools/shared/event-emitter.js:324:18
getMutations@resource://devtools/client/fronts/walker.js:398:10

console.error: (new Error("Protocol error (TypeError): can't access property \"rawNode\", node is null from: server0.conn0.child2/pagestyle26 (resource://devtools/server/actors/styles.js:989:5)", "resource://devtools/shared/protocol/Front.js", 341))
console.error: (new Error("Protocol error (TypeError): can't access property \"rawNode\", node is null from: server0.conn0.child2/pagestyle26 (resource://devtools/server/actors/styles.js:566:5)", "resource://devtools/shared/protocol/Front.js", 341))
console.error: "Error while calling actor 'pagestyle's method 'getLayout'" "can't access property \"rawNode\", node is null"
console.error: "getLayout@resource://devtools/server/actors/styles.js:989:5\nhandler@resource://devtools/shared/protocol/Actor.js:172:37\nonPacket@resource://devtools/server/devtools-server-connection.js:379:58\nreceiveMessage@resource://devtools/shared/transport/child-transport.js:66:16\n"
console.error: "Error while calling actor 'pagestyle's method 'getLayout'" "can't access property \"rawNode\", node is null"
console.error: "getLayout@resource://devtools/server/actors/styles.js:989:5\nhandler@resource://devtools/shared/protocol/Actor.js:172:37\nonPacket@resource://devtools/server/devtools-server-connection.js:379:58\nreceiveMessage@resource://devtools/shared/transport/child-transport.js:66:16\n"
console.error: (new TypeError("can't access property \"treeChildren\", parent is null", "resource://devtools/client/inspector/shared/style-change-tracker.js", 67))
TypeError: can't access property "treeChildren", parent is null: canMutationImpactCurrentStyles@resource://devtools/client/inspector/shared/style-change-tracker.js:67:24
onMutations@resource://devtools/client/inspector/shared/style-change-tracker.js:84:41
_emit@resource://devtools/shared/event-emitter.js:226:34
emit@resource://devtools/shared/event-emitter.js:172:18
emit@resource://devtools/shared/event-emitter.js:324:18
getMutations@resource://devtools/client/fronts/walker.js:398:10

console.error: (new Error("Protocol error (TypeError): can't access property \"rawNode\", node is null from: server0.conn0.child2/pagestyle26 (resource://devtools/server/actors/styles.js:989:5)", "resource://devtools/shared/protocol/Front.js", 341))
console.error: (new Error("Protocol error (TypeError): can't access property \"rawNode\", node is null from: server0.conn0.child2/pagestyle26 (resource://devtools/server/actors/styles.js:989:5)", "resource://devtools/shared/protocol/Front.js", 341))
console.error: (new TypeError("can't access property \"treeChildren\", parent is null", "resource://devtools/client/inspector/shared/style-change-tracker.js", 67))
TypeError: can't access property "treeChildren", parent is null: canMutationImpactCurrentStyles@resource://devtools/client/inspector/shared/style-change-tracker.js:67:24
onMutations@resource://devtools/client/inspector/shared/style-change-tracker.js:84:41
_emit@resource://devtools/shared/event-emitter.js:226:34
emit@resource://devtools/shared/event-emitter.js:172:18
emit@resource://devtools/shared/event-emitter.js:324:18
getMutations@resource://devtools/client/fronts/walker.js:398:10

1601042745099	mozrunner::runner	INFO	Running command: "C:\\Program Files\\Firefox Developer Edition\\firefox.exe" "-marionette" "-foreground" "-no-remote" "-profile" "C:\\Users\\marcelo\\AppData\\Local\\Temp\\rust_mozprofileBwzVR5"
Can't find symbol 'eglSwapBuffersWithDamageEXT'.
JavaScript error: resource://gre/modules/XULStore.jsm, line 66: Error: Can't find profile directory.
console.warn: SearchSettings: "get: No settings file exists, new profile?" (new Error("", "(unknown module)"))
1601042763970	Marionette	INFO	Listening on port 59639
1601042764826	Marionette	WARN	TLS certificate errors will be ignored for this session
JavaScript error: resource:///modules/UrlbarInput.jsm, line 1328: TypeError: (destructured parameter) is null
JavaScript error: resource:///modules/UrlbarInput.jsm, line 1328: TypeError: (destructured parameter) is null
JavaScript error: resource:///modules/UrlbarInput.jsm, line 1328: TypeError: (destructured parameter) is null
JavaScript error: resource:///modules/UrlbarInput.jsm, line 1328: TypeError: (destructured parameter) is null
1601043057806	mozrunner::runner	INFO	Running command: "C:\\Program Files\\Firefox Developer Edition\\firefox.exe" "-marionette" "-foreground" "-no-remote" "-profile" "C:\\Users\\marcelo\\AppData\\Local\\Temp\\rust_mozprofile6lBuzs"
Can't find symbol 'eglSwapBuffersWithDamageEXT'.
JavaScript error: resource://gre/modules/XULStore.jsm, line 66: Error: Can't find profile directory.
console.warn: SearchSettings: "get: No settings file exists, new profile?" (new Error("", "(unknown module)"))
1601043074202	Marionette	INFO	Listening on port 59720
1601043074582	Marionette	WARN	TLS certificate errors will be ignored for this session
JavaScript error: resource:///modules/UrlbarInput.jsm, line 1328: TypeError: (destructured parameter) is null
JavaScript error: resource:///modules/UrlbarInput.jsm, line 1328: TypeError: (destructured parameter) is null
JavaScript error: resource:///modules/UrlbarInput.jsm, line 1328: TypeError: (destructured parameter) is null
JavaScript error: resource:///modules/UrlbarInput.jsm, line 1328: TypeError: (destructured parameter) is null
1601043415238	mozrunner::runner	INFO	Running command: "C:\\Program Files\\Firefox Developer Edition\\firefox.exe" "-marionette" "-foreground" "-no-remote" "-profile" "C:\\Users\\marcelo\\AppData\\Local\\Temp\\rust_mozprofiley6D0Hi"
Can't find symbol 'eglSwapBuffersWithDamageEXT'.
JavaScript error: resource://gre/modules/XULStore.jsm, line 66: Error: Can't find profile directory.
console.warn: SearchSettings: "get: No settings file exists, new profile?" (new Error("", "(unknown module)"))

###!!! [Child][RunMessage] Error: Channel closing: too late to send/recv, messages will be lost

1601043423691	Marionette	INFO	Listening on port 59789
1601043423832	Marionette	WARN	TLS certificate errors will be ignored for this session
JavaScript error: resource:///modules/UrlbarInput.jsm, line 1328: TypeError: (destructured parameter) is null
JavaScript error: resource:///modules/UrlbarInput.jsm, line 1328: TypeError: (destructured parameter) is null
JavaScript error: resource:///modules/UrlbarInput.jsm, line 1328: TypeError: (destructured parameter) is null
JavaScript error: resource:///modules/UrlbarInput.jsm, line 1328: TypeError: (destructured parameter) is null

###!!! [Child][RunMessage] Error: Channel closing: too late to send/recv, messages will be lost


###!!! [Child][RunMessage] Error: Channel closing: too late to send/recv, messages will be lost

1601043795335	Marionette	INFO	Stopped listening on port 59789

###!!! [Child][RunMessage] Error: Channel closing: too late to send/recv, messages will be lost


###!!! [Child][MessageChannel::SendAndWait] Error: Channel error: cannot send/recv

1601043809740	mozrunner::runner	INFO	Running command: "C:\\Program Files\\Firefox Developer Edition\\firefox.exe" "-marionette" "-foreground" "-no-remote" "-profile" "C:\\Users\\marcelo\\AppData\\Local\\Temp\\rust_mozprofileFsrjOG"
Can't find symbol 'eglSwapBuffersWithDamageEXT'.
JavaScript error: resource://gre/modules/XULStore.jsm, line 66: Error: Can't find profile directory.
console.warn: SearchSettings: "get: No settings file exists, new profile?" (new Error("", "(unknown module)"))
1601043818528	Marionette	INFO	Listening on port 59857
1601043818936	Marionette	WARN	TLS certificate errors will be ignored for this session
JavaScript error: resource:///modules/UrlbarInput.jsm, line 1328: TypeError: (destructured parameter) is null
JavaScript error: resource:///modules/UrlbarInput.jsm, line 1328: TypeError: (destructured parameter) is null
JavaScript error: resource:///modules/UrlbarInput.jsm, line 1328: TypeError: (destructured parameter) is null
JavaScript error: resource:///modules/UrlbarInput.jsm, line 1328: TypeError: (destructured parameter) is null
1601044283005	mozrunner::runner	INFO	Running command: "C:\\Program Files\\Firefox Developer Edition\\firefox.exe" "-marionette" "-foreground" "-no-remote" "-profile" "C:\\Users\\marcelo\\AppData\\Local\\Temp\\rust_mozprofileWYPl8N"
Can't find symbol 'eglSwapBuffersWithDamageEXT'.
JavaScript error: resource://gre/modules/XULStore.jsm, line 66: Error: Can't find profile directory.
console.warn: SearchSettings: "get: No settings file exists, new profile?" (new Error("", "(unknown module)"))
[Parent 9420, Gecko_IOThread] WARNING: file /builds/worker/checkouts/gecko/ipc/chromium/src/base/process_util_win.cc, line 166
1601044293125	Marionette	INFO	Listening on port 59924
1601044293405	Marionette	WARN	TLS certificate errors will be ignored for this session
console.warn: services.settings: main/partitioning-exempt-urls sync interrupted by shutdown
console.warn: services.settings: main/message-groups sync interrupted by shutdown
console.warn: services.settings: main/cfr-fxa sync interrupted by shutdown
console.warn: SearchService: "_init: abandoning init due to shutting down"
JavaScript error: , line 0: uncaught exception: 2147500036
JavaScript error: , line 0: uncaught exception: 2147500036
JavaScript error: , line 0: uncaught exception: 2147500036
JavaScript error: , line 0: uncaught exception: 2147500036
JavaScript error: , line 0: uncaught exception: 2147500036
JavaScript error: , line 0: uncaught exception: 2147500036
JavaScript error: , line 0: uncaught exception: 2147500036
console.warn: services.settings: main/cfr sync interrupted by shutdown
console.warn: services.settings: main/message-groups sync interrupted by shutdown
JavaScript error: resource://gre/modules/NewTabUtils.jsm, line 686: NS_ERROR_UNEXPECTED: Component returned failure code: 0x8000ffff (NS_ERROR_UNEXPECTED) [nsINavHistoryService.asyncExecuteLegacyQuery]
1601044325214	mozrunner::runner	INFO	Running command: "C:\\Program Files\\Firefox Developer Edition\\firefox.exe" "-marionette" "-foreground" "-no-remote" "-profile" "C:\\Users\\marcelo\\AppData\\Local\\Temp\\rust_mozprofile3zAOn3"
Can't find symbol 'eglSwapBuffersWithDamageEXT'.
JavaScript error: resource://gre/modules/XULStore.jsm, line 66: Error: Can't find profile directory.
console.warn: SearchSettings: "get: No settings file exists, new profile?" (new Error("", "(unknown module)"))
1601044333681	Marionette	INFO	Listening on port 59966
1601044333837	Marionette	WARN	TLS certificate errors will be ignored for this session
JavaScript error: resource:///modules/UrlbarInput.jsm, line 1328: TypeError: (destructured parameter) is null
JavaScript error: resource:///modules/UrlbarInput.jsm, line 1328: TypeError: (destructured parameter) is null
JavaScript error: resource:///modules/UrlbarInput.jsm, line 1328: TypeError: (destructured parameter) is null
JavaScript error: resource:///modules/UrlbarInput.jsm, line 1328: TypeError: (destructured parameter) is null
1601044688575	mozrunner::runner	INFO	Running command: "C:\\Program Files\\Firefox Developer Edition\\firefox.exe" "-marionette" "-foreground" "-no-remote" "-profile" "C:\\Users\\marcelo\\AppData\\Local\\Temp\\rust_mozprofilebWNAtU"
Can't find symbol 'eglSwapBuffersWithDamageEXT'.
JavaScript error: resource://gre/modules/XULStore.jsm, line 66: Error: Can't find profile directory.
console.warn: SearchSettings: "get: No settings file exists, new profile?" (new Error("", "(unknown module)"))
1601044695895	Marionette	INFO	Listening on port 60033
1601044696213	Marionette	WARN	TLS certificate errors will be ignored for this session
JavaScript error: resource:///modules/UrlbarInput.jsm, line 1328: TypeError: (destructured parameter) is null
JavaScript error: resource:///modules/UrlbarInput.jsm, line 1328: TypeError: (destructured parameter) is null
JavaScript error: resource:///modules/UrlbarInput.jsm, line 1328: TypeError: (destructured parameter) is null
JavaScript error: resource:///modules/UrlbarInput.jsm, line 1328: TypeError: (destructured parameter) is null
1601044875810	Marionette	INFO	Stopped listening on port 60033

###!!! [Child][RunMessage] Error: Channel closing: too late to send/recv, messages will be lost


###!!! [Child][RunMessage] Error: Channel closing: too late to send/recv, messages will be lost


###!!! [Child][MessageChannel::SendAndWait] Error: Channel error: cannot send/recv

Can't find profile directory.
console.warn: SearchSettings: "get: No settings file exists, new profile?" (new Error("", "(unknown module)"))
1601044766259	Marionette	INFO	Listening on port 60092
1601044766587	Marionette	WARN	TLS certificate errors will be ignored for this session
JavaScript error: resource:///modules/UrlbarInput.jsm, line 1328: TypeError: (destructured parameter) is null
JavaScript error: resource:///modules/UrlbarInput.jsm, line 1328: TypeError: (destructured parameter) is null
JavaScript error: resource:///modules/UrlbarInput.jsm, line 1328: TypeError: (destructured parameter) is null
JavaScript error: resource:///modules/UrlbarInput.jsm, line 1328: TypeError: (destructured parameter) is null

###!!! [Child][RunMessage] Error: Channel closing: too late to send/recv, messages will be lost

1601044819602	Marionette	INFO	Stopped listening on port 60092

###!!! [Child][RunMessage] Error: Channel closing: too late to send/recv, messages will be lost


###!!! [Child][MessageChannel::SendAndWait] Error: Channel error: cannot send/recv

1601044984034	mozrunner::runner	INFO	Running command: "C:\\Program Files\\Firefox Developer Edition\\firefox.exe" "-marionette" "-foreground" "-no-remote" "-profile" "C:\\Users\\marcelo\\AppData\\Local\\Temp\\rust_mozprofilezMVZUK"
Can't find symbol 'eglSwapBuffersWithDamageEXT'.
JavaScript error: resource://gre/modules/XULStore.jsm, line 66: Error: Can't find profile directory.
console.warn: SearchSettings: "get: No settings file exists, new profile?" (new Error("", "(unknown module)"))
1601044995667	Marionette	INFO	Listening on port 60168
1601044996194	Marionette	WARN	TLS certificate errors will be ignored for this session
JavaScript error: resource:///modules/UrlbarInput.jsm, line 1328: TypeError: (destructured parameter) is null
JavaScript error: resource:///modules/UrlbarInput.jsm, line 1328: TypeError: (destructured parameter) is null
JavaScript error: resource:///modules/UrlbarInput.jsm, line 1328: TypeError: (destructured parameter) is null
JavaScript error: resource:///modules/UrlbarInput.jsm, line 1328: TypeError: (destructured parameter) is null
Can't find symbol 'eglSwapBuffersWithDamageEXT'.
JavaScript warning: https://ajax.googleapis.com/ajax/libs/jquery/1.9.1/jquery.min.js, line 2: Using //@ to indicate sourceMappingURL pragmas is deprecated. Use //# instead
JavaScript warning: https://ajax.googleapis.com/ajax/libs/jquery/1.9.1/jquery.min.js, line 2: Using //@ to indicate sourceMappingURL pragmas is deprecated. Use //# instead
1601046142982	Marionette	INFO	Stopped listening on port 60168

###!!! [Child][RunMessage] Error: Channel closing: too late to send/recv, messages will be lost


###!!! [Child][RunMessage] Error: Channel closing: too late to send/recv, messages will be lost


###!!! [Child][MessageChannel::SendAndWait] Error: Channel error: cannot send/recv

onent returned failure code: 0x80070057 (NS_ERROR_ILLEGAL_VALUE) [nsIPrefBranch.removeObserver]
console.warn: services.settings: main/nimbus-desktop-experiments sync interrupted by shutdown
JavaScript error: resource://activity-stream/lib/PlacesFeed.jsm, line 200: NS_ERROR_XPC_GS_RETURNED_FAILURE: ServiceManager::GetService returned failure code:
JavaScript error: resource://gre/modules/ExtensionSettingsStore.jsm, line 123: Error: The ExtensionSettingsStore was accessed before the initialize promise resolved.
console.log: "RemoteSettingsWorker error: Error: Can't import when we've started shutting down."
console.log: "RemoteSettingsWorker error: Error: Can't import when we've started shutting down."
console.error: "Could not load engine google@search.mozilla.org: [Exception... \"AddonManager is not initialized\"  nsresult: \"0xc1f30001 (NS_ERROR_NOT_INITIALIZED)\"  location: \"JS frame :: resource://gre/modules/AddonManager.jsm :: installBuiltinAddon :: line 2550\"  data: no]"
console.error: "Could not load engine amazondotcom@search.mozilla.org: [Exception... \"AddonManager is not initialized\"  nsresult: \"0xc1f30001 (NS_ERROR_NOT_INITIALIZED)\"  location: \"JS frame :: resource://gre/modules/AddonManager.jsm :: installBuiltinAddon :: line 2550\"  data: no]"
console.error: "Could not load engine ddg@search.mozilla.org: [Exception... \"AddonManager is not initialized\"  nsresult: \"0xc1f30001 (NS_ERROR_NOT_INITIALIZED)\"  location: \"JS frame :: resource://gre/modules/AddonManager.jsm :: installBuiltinAddon :: line 2550\"  data: no]"
console.log: "RemoteSettingsWorker error: Error: Can't import when we've started shutting down."
console.error: "Could not load engine bing@search.mozilla.org: [Exception... \"AddonManager is not initialized\"  nsresult: \"0xc1f30001 (NS_ERROR_NOT_INITIALIZED)\"  location: \"JS frame :: resource://gre/modules/AddonManager.jsm :: installBuiltinAddon :: line 2550\"  data: no]"
console.error: "Could not load engine wikipedia@search.mozilla.org: [Exception... \"AddonManager is not initialized\"  nsresult: \"0xc1f30001 (NS_ERROR_NOT_INITIALIZED)\"  location: \"JS frame :: resource://gre/modules/AddonManager.jsm :: installBuiltinAddon :: line 2550\"  data: no]"
console.warn: SearchService: "_init: abandoning init due to shutting down"
JavaScript error: resource://gre/modules/AsyncShutdown.jsm, line 554: uncaught exception: 2147500036
JavaScript error: resource://gre/modules/AsyncShutdown.jsm, line 554: uncaught exception: 2147500036
JavaScript error: resource://gre/modules/AsyncShutdown.jsm, line 554: uncaught exception: 2147500036
JavaScript error: resource://gre/modules/AsyncShutdown.jsm, line 554: uncaught exception: 2147500036
JavaScript error: resource://gre/modules/AsyncShutdown.jsm, line 554: uncaught exception: 2147500036
1601045081518	Marionette	INFO	Stopped listening on port 60228

###!!! [Child][RunMessage] Error: Channel closing: too late to send/recv, messages will be lost


###!!! [Child][RunMessage] Error: Channel closing: too late to send/recv, messages will be lost

JavaScript error: resource:///modules/EveryWindow.jsm, line 37: NS_ERROR_UNEXPECTED: Component returned failure code: 0x8000ffff (NS_ERROR_UNEXPECTED) [nsIWindowMediator.getEnumerator]
JavaScript error: resource://gre/modules/osfile/osfile_async_front.jsm, line 426: Error: OS.File has been shut down. Rejecting post to stat
1601045212283	mozrunner::runner	INFO	Running command: "C:\\Program Files\\Firefox Developer Edition\\firefox.exe" "-marionette" "-foreground" "-no-remote" "-profile" "C:\\Users\\marcelo\\AppData\\Local\\Temp\\rust_mozprofileHhKC5t"
Can't find symbol 'eglSwapBuffersWithDamageEXT'.
JavaScript error: resource://gre/modules/XULStore.jsm, line 66: Error: Can't find profile directory.
console.warn: SearchSettings: "get: No settings file exists, new profile?" (new Error("", "(unknown module)"))
1601045220523	Marionette	INFO	Listening on port 60281
1601045220920	Marionette	WARN	TLS certificate errors will be ignored for this session
JavaScript error: resource:///modules/UrlbarInput.jsm, line 1328: TypeError: (destructured parameter) is null
JavaScript error: resource:///modules/UrlbarInput.jsm, line 1328: TypeError: (destructured parameter) is null
JavaScript error: resource:///modules/UrlbarInput.jsm, line 1328: TypeError: (destructured parameter) is null
JavaScript error: resource:///modules/UrlbarInput.jsm, line 1328: TypeError: (destructured parameter) is null
1601046216082	mozrunner::runner	INFO	Running command: "C:\\Program Files\\Firefox Developer Edition\\firefox.exe" "-marionette" "-foreground" "-no-remote" "-profile" "C:\\Users\\marcelo\\AppData\\Local\\Temp\\rust_mozprofileum87Gl"
Can't find symbol 'eglSwapBuffersWithDamageEXT'.
JavaScript error: resource://gre/modules/XULStore.jsm, line 66: Error: Can't find profile directory.
console.warn: SearchSettings: "get: No settings file exists, new profile?" (new Error("", "(unknown module)"))
1601046222507	Marionette	INFO	Listening on port 60500
1601046222575	Marionette	WARN	TLS certificate errors will be ignored for this session
JavaScript error: resource:///modules/UrlbarInput.jsm, line 1328: TypeError: (destructured parameter) is null
JavaScript error: resource:///modules/UrlbarInput.jsm, line 1328: TypeError: (destructured parameter) is null
JavaScript error: resource:///modules/UrlbarInput.jsm, line 1328: TypeError: (destructured parameter) is null
JavaScript error: resource:///modules/UrlbarInput.jsm, line 1328: TypeError: (destructured parameter) is null
1601046246566	Marionette	INFO	Stopped listening on port 60500

###!!! [Child][RunMessage] Error: Channel closing: too late to send/recv, messages will be lost


###!!! [Child][RunMessage] Error: Channel closing: too late to send/recv, messages will be lost


###!!! [Child][MessageChannel::SendAndWait] Error: Channel error: cannot send/recv

1601046418184	mozrunner::runner	INFO	Running command: "C:\\Program Files\\Firefox Developer Edition\\firefox.exe" "-marionette" "-foreground" "-no-remote" "-profile" "C:\\Users\\marcelo\\AppData\\Local\\Temp\\rust_mozprofile9SEWQo"
Can't find symbol 'eglSwapBuffersWithDamageEXT'.
JavaScript error: resource://gre/modules/XULStore.jsm, line 66: Error: Can't find profile directory.
console.warn: SearchSettings: "get: No settings file exists, new profile?" (new Error("", "(unknown module)"))
1601046424933	Marionette	INFO	Listening on port 60587
1601046425236	Marionette	WARN	TLS certificate errors will be ignored for this session
JavaScript error: resource://activity-stream/lib/ActivityStreamPrefs.jsm, line 27: NS_ERROR_ILLEGAL_VALUE: Component returned failure code: 0x80070057 (NS_ERROR_ILLEGAL_VALUE) [nsIPrefBranch.removeObserver]
console.warn: services.settings: main/nimbus-desktop-experiments sync interrupted by shutdown
console.error: Region.jsm: "Error fetching region" (new TypeError("NetworkError when attempting to fetch resource.", ""))
console.error: Region.jsm: "Failed to fetch region" (new Error("NO_RESULT", "resource://gre/modules/Region.jsm", 351))
JavaScript error: resource://activity-stream/lib/PlacesFeed.jsm, line 200: NS_ERROR_XPC_GS_RETURNED_FAILURE: ServiceManager::GetService returned failure code:
JavaScript error: resource://gre/modules/ExtensionSettingsStore.jsm, line 123: Error: The ExtensionSettingsStore was accessed before the initialize promise resolved.
console.log: "RemoteSettingsWorker error: Error: Can't import when we've started shutting down."
console.error: "Could not load engine google@search.mozilla.org: [Exception... \"AddonManager is not initialized\"  nsresult: \"0xc1f30001 (NS_ERROR_NOT_INITIALIZED)\"  location: \"JS frame :: resource://gre/modules/AddonManager.jsm :: installBuiltinAddon :: line 2550\"  data: no]"
console.error: "Could not load engine amazondotcom@search.mozilla.org: [Exception... \"AddonManager is not initialized\"  nsresult: \"0xc1f30001 (NS_ERROR_NOT_INITIALIZED)\"  location: \"JS frame :: resource://gre/modules/AddonManager.jsm :: installBuiltinAddon :: line 2550\"  data: no]"
console.error: "Could not load engine ddg@search.mozilla.org: [Exception... \"AddonManager is not initialized\"  nsresult: \"0xc1f30001 (NS_ERROR_NOT_INITIALIZED)\"  location: \"JS frame :: resource://gre/modules/AddonManager.jsm :: installBuiltinAddon :: line 2550\"  data: no]"
console.error: "Could not load engine bing@search.mozilla.org: [Exception... \"AddonManager is not initialized\"  nsresult: \"0xc1f30001 (NS_ERROR_NOT_INITIALIZED)\"  location: \"JS frame :: resource://gre/modules/AddonManager.jsm :: installBuiltinAddon :: line 2550\"  data: no]"
console.error: "Could not load engine wikipedia@search.mozilla.org: [Exception... \"AddonManager is not initialized\"  nsresult: \"0xc1f30001 (NS_ERROR_NOT_INITIALIZED)\"  location: \"JS frame :: resource://gre/modules/AddonManager.jsm :: installBuiltinAddon :: line 2550\"  data: no]"
console.warn: SearchService: "_init: abandoning init due to shutting down"
JavaScript error: resource://gre/modules/AsyncShutdown.jsm, line 554: uncaught exception: 2147500036
JavaScript error: resource://gre/modules/AsyncShutdown.jsm, line 554: uncaught exception: 2147500036
JavaScript error: resource://gre/modules/AsyncShutdown.jsm, line 554: uncaught exception: 2147500036
JavaScript error: resource://gre/modules/AsyncShutdown.jsm, line 554: uncaught exception: 2147500036
JavaScript error: resource://gre/modules/AsyncShutdown.jsm, line 554: uncaught exception: 2147500036
console.log: "RemoteSettingsWorker error: Error: Can't import when we've started shutting down."
console.log: "RemoteSettingsWorker error: Error: Can't import when we've started shutting down."
1601046431095	Marionette	INFO	Stopped listening on port 60587

###!!! [Child][RunMessage] Error: Channel closing: too late to send/recv, messages will be lost


###!!! [Child][MessageChannel::SendAndWait] Error: Channel error: cannot send/recv

1601046487954	mozrunner::runner	INFO	Running command: "C:\\Program Files\\Firefox Developer Edition\\firefox.exe" "-marionette" "-foreground" "-no-remote" "-profile" "C:\\Users\\marcelo\\AppData\\Local\\Temp\\rust_mozprofilegxQoZt"
Can't find symbol 'eglSwapBuffersWithDamageEXT'.
JavaScript error: resource://gre/modules/XULStore.jsm, line 66: Error: Can't find profile directory.
console.warn: SearchSettings: "get: No settings file exists, new profile?" (new Error("", "(unknown module)"))
1601046494538	Marionette	INFO	Listening on port 60627
1601046494969	Marionette	WARN	TLS certificate errors will be ignored for this session
JavaScript error: resource:///modules/UrlbarInput.jsm, line 1328: TypeError: (destructured parameter) is null
JavaScript error: resource:///modules/UrlbarInput.jsm, line 1328: TypeError: (destructured parameter) is null
JavaScript error: resource:///modules/UrlbarInput.jsm, line 1328: TypeError: (destructured parameter) is null
JavaScript error: resource:///modules/UrlbarInput.jsm, line 1328: TypeError: (destructured parameter) is null
JavaScript error: resource://gre/modules/psm/RemoteSecuritySettings.jsm, line 805: NS_ERROR_ILLEGAL_VALUE: Component returned failure code: 0x80070057 (NS_ERROR_ILLEGAL_VALUE) [nsIXPCComponents_Utils.reportError]
JavaScript error: resource://devtools/client/inspector/rules/utils/utils.js, line 186: TypeError: can't access property "selectorText", rule is undefined
JavaScript error: resource://devtools/client/inspector/rules/utils/utils.js, line 186: TypeError: can't access property "selectorText", rule is undefined
JavaScript error: resource://devtools/client/inspector/rules/utils/utils.js, line 186: TypeError: can't access property "selectorText", rule is undefined
JavaScript error: resource://devtools/client/inspector/rules/utils/utils.js, line 186: TypeError: can't access property "selectorText", rule is undefined
JavaScript error: resource://devtools/client/inspector/rules/utils/utils.js, line 186: TypeError: can't access property "selectorText", rule is undefined
JavaScript error: resource://devtools/client/inspector/rules/utils/utils.js, line 186: TypeError: can't access property "selectorText", rule is undefined
JavaScript error: resource://devtools/client/inspector/rules/utils/utils.js, line 186: TypeError: can't access property "selectorText", rule is undefined
JavaScript error: resource://devtools/client/inspector/rules/utils/utils.js, line 186: TypeError: can't access property "selectorText", rule is undefined
JavaScript error: resource://devtools/client/inspector/rules/utils/utils.js, line 186: TypeError: can't access property "selectorText", rule is undefined
JavaScript error: resource://devtools/client/inspector/rules/utils/utils.js, line 186: TypeError: can't access property "selectorText", rule is undefined
console.error: "Error while calling actor 'pagestyle's method 'getLayout'" "can't access property \"rawNode\", node is null"
console.error: "getLayout@resource://devtools/server/actors/styles.js:989:5\nhandler@resource://devtools/shared/protocol/Actor.js:172:37\nonPacket@resource://devtools/server/devtools-server-connection.js:379:58\nreceiveMessage@resource://devtools/shared/transport/child-transport.js:66:16\n"
console.error: (new Error("Protocol error (TypeError): can't access property \"rawNode\", node is null from: server0.conn0.child2/pagestyle26 (resource://devtools/server/actors/styles.js:989:5)", "resource://devtools/shared/protocol/Front.js", 341))
console.error: (new TypeError("can't access property \"treeChildren\", parent is null", "resource://devtools/client/inspector/shared/style-change-tracker.js", 67))
TypeError: can't access property "treeChildren", parent is null: canMutationImpactCurrentStyles@resource://devtools/client/inspector/shared/style-change-tracker.js:67:24
onMutations@resource://devtools/client/inspector/shared/style-change-tracker.js:84:41
_emit@resource://devtools/shared/event-emitter.js:226:34
emit@resource://devtools/shared/event-emitter.js:172:18
emit@resource://devtools/shared/event-emitter.js:324:18
getMutations@resource://devtools/client/fronts/walker.js:398:10

console.error: "Error while calling actor 'pagestyle's method 'getLayout'" "can't access property \"rawNode\", node is null"
console.error: "getLayout@resource://devtools/server/actors/styles.js:989:5\nhandler@resource://devtools/shared/protocol/Actor.js:172:37\nonPacket@resource://devtools/server/devtools-server-connection.js:379:58\nreceiveMessage@resource://devtools/shared/transport/child-transport.js:66:16\n"
console.error: (new TypeError("can't access property \"treeChildren\", parent is null", "resource://devtools/client/inspector/shared/style-change-tracker.js", 67))
TypeError: can't access property "treeChildren", parent is null: canMutationImpactCurrentStyles@resource://devtools/client/inspector/shared/style-change-tracker.js:67:24
onMutations@resource://devtools/client/inspector/shared/style-change-tracker.js:84:41
_emit@resource://devtools/shared/event-emitter.js:226:34
emit@resource://devtools/shared/event-emitter.js:172:18
emit@resource://devtools/shared/event-emitter.js:324:18
getMutations@resource://devtools/client/fronts/walker.js:398:10

console.error: (new Error("Protocol error (TypeError): can't access property \"rawNode\", node is null from: server0.conn0.child2/pagestyle26 (resource://devtools/server/actors/styles.js:989:5)", "resource://devtools/shared/protocol/Front.js", 341))
console.error: (new TypeError("can't access property \"treeChildren\", parent is null", "resource://devtools/client/inspector/shared/style-change-tracker.js", 67))
TypeError: can't access property "treeChildren", parent is null: canMutationImpactCurrentStyles@resource://devtools/client/inspector/shared/style-change-tracker.js:67:24
onMutations@resource://devtools/client/inspector/shared/style-change-tracker.js:84:41
_emit@resource://devtools/shared/event-emitter.js:226:34
emit@resource://devtools/shared/event-emitter.js:172:18
emit@resource://devtools/shared/event-emitter.js:324:18
getMutations@resource://devtools/client/fronts/walker.js:398:10

console.warn: "Inspector destroyed while executing onReflow callback"
1601052361931	Marionette	INFO	Stopped listening on port 60627

###!!! [Child][RunMessage] Error: Channel closing: too late to send/recv, messages will be lost


###!!! [Child][RunMessage] Error: Channel closing: too late to send/recv, messages will be lost


###!!! [Child][MessageChannel::SendAndWait] Error: Channel error: cannot send/recv

Can't find profile directory.
console.warn: SearchSettings: "get: No settings file exists, new profile?" (new Error("", "(unknown module)"))
1601051711728	Marionette	INFO	Listening on port 52867
1601051712352	Marionette	WARN	TLS certificate errors will be ignored for this session
JavaScript error: resource:///modules/UrlbarInput.jsm, line 1328: TypeError: (destructured parameter) is null
JavaScript error: resource:///modules/UrlbarInput.jsm, line 1328: TypeError: (destructured parameter) is null
JavaScript error: resource:///modules/UrlbarInput.jsm, line 1328: TypeError: (destructured parameter) is null
JavaScript error: resource:///modules/UrlbarInput.jsm, line 1328: TypeError: (destructured parameter) is null
JavaScript error: resource://gre/modules/psm/RemoteSecuritySettings.jsm, line 805: NS_ERROR_ILLEGAL_VALUE: Component returned failure code: 0x80070057 (NS_ERROR_ILLEGAL_VALUE) [nsIXPCComponents_Utils.reportError]
JavaScript error: resource://gre/actors/AutoCompleteChild.jsm, line 235: Error: Invalid autocomplete selectedIndex
1601053771038	Marionette	INFO	Stopped listening on port 52867

###!!! [Child][RunMessage] Error: Channel closing: too late to send/recv, messages will be lost


###!!! [Child][RunMessage] Error: Channel closing: too late to send/recv, messages will be lost


###!!! [Child][MessageChannel::SendAndWait] Error: Channel error: cannot send/recv

1601138208300	mozrunner::runner	INFO	Running command: "C:\\Program Files\\Firefox Developer Edition\\firefox.exe" "-marionette" "-foreground" "-no-remote" "-profile" "C:\\Users\\marcelo\\AppData\\Local\\Temp\\rust_mozprofilewb6l1v"
Can't find symbol 'eglSwapBuffersWithDamageEXT'.
JavaScript error: resource://gre/modules/XULStore.jsm, line 66: Error: Can't find profile directory.
console.warn: SearchSettings: "get: No settings file exists, new profile?" (new Error("", "(unknown module)"))
1601138215192	Marionette	INFO	Listening on port 59931
1601138215565	Marionette	WARN	TLS certificate errors will be ignored for this session
JavaScript error: resource:///modules/UrlbarInput.jsm, line 1328: TypeError: (destructured parameter) is null
JavaScript error: resource:///modules/UrlbarInput.jsm, line 1328: TypeError: (destructured parameter) is null
JavaScript error: resource:///modules/UrlbarInput.jsm, line 1328: TypeError: (destructured parameter) is null
JavaScript error: resource:///modules/UrlbarInput.jsm, line 1328: TypeError: (destructured parameter) is null
JavaScript error: resource:///modules/UrlbarInput.jsm, line 2725: TypeError: event.target.closest is not a function
console.error: (new TypeError("can't access property \"treeChildren\", parent is null", "resource://devtools/client/inspector/shared/style-change-tracker.js", 67))
TypeError: can't access property "treeChildren", parent is null: canMutationImpactCurrentStyles@resource://devtools/client/inspector/shared/style-change-tracker.js:67:24
onMutations@resource://devtools/client/inspector/shared/style-change-tracker.js:84:41
_emit@resource://devtools/shared/event-emitter.js:226:34
emit@resource://devtools/shared/event-emitter.js:172:18
emit@resource://devtools/shared/event-emitter.js:324:18
getMutations@resource://devtools/client/fronts/walker.js:398:10

console.error: "Error while calling actor 'pagestyle's method 'getApplied'" "can't access property \"rawNode\", node is null"
console.error: "getApplied@resource://devtools/server/actors/styles.js:566:5\nhandler@resource://devtools/shared/protocol/Actor.js:172:37\nonPacket@resource://devtools/server/devtools-server-connection.js:379:58\nreceiveMessage@resource://devtools/shared/transport/child-transport.js:66:16\n"
console.error: (new TypeError("can't access property \"treeChildren\", parent is null", "resource://devtools/client/inspector/shared/style-change-tracker.js", 67))
TypeError: can't access property "treeChildren", parent is null: canMutationImpactCurrentStyles@resource://devtools/client/inspector/shared/style-change-tracker.js:67:24
onMutations@resource://devtools/client/inspector/shared/style-change-tracker.js:84:41
_emit@resource://devtools/shared/event-emitter.js:226:34
emit@resource://devtools/shared/event-emitter.js:172:18
emit@resource://devtools/shared/event-emitter.js:324:18
getMutations@resource://devtools/client/fronts/walker.js:398:10

console.error: (new Error("Protocol error (TypeError): can't access property \"rawNode\", node is null from: server0.conn0.child2/pagestyle26 (resource://devtools/server/actors/styles.js:566:5)", "resource://devtools/shared/protocol/Front.js", 341))
1601138936669	Marionette	INFO	Stopped listening on port 59931

###!!! [Child][MessageChannel::SendAndWait] Error: Channel error: cannot send/recv

te" "-profile" "C:\\Users\\marcelo\\AppData\\Local\\Temp\\rust_mozprofile25KAgh"
Can't find symbol 'eglSwapBuffersWithDamageEXT'.
JavaScript error: resource://gre/modules/XULStore.jsm, line 66: Error: Can't find profile directory.
console.warn: SearchSettings: "get: No settings file exists, new profile?" (new Error("", "(unknown module)"))
1601138939516	Marionette	INFO	Listening on port 60026
1601138939875	Marionette	WARN	TLS certificate errors will be ignored for this session
JavaScript error: resource:///modules/UrlbarInput.jsm, line 1328: TypeError: (destructured parameter) is null
JavaScript error: resource:///modules/UrlbarInput.jsm, line 1328: TypeError: (destructured parameter) is null
JavaScript error: resource:///modules/UrlbarInput.jsm, line 1328: TypeError: (destructured parameter) is null
JavaScript error: resource:///modules/UrlbarInput.jsm, line 1328: TypeError: (destructured parameter) is null
JavaScript error: resource://gre/modules/psm/RemoteSecuritySettings.jsm, line 805: NS_ERROR_ILLEGAL_VALUE: Component returned failure code: 0x80070057 (NS_ERROR_ILLEGAL_VALUE) [nsIXPCComponents_Utils.reportError]
JavaScript error: resource://gre/actors/AutoCompleteChild.jsm, line 235: Error: Invalid autocomplete selectedIndex

###!!! [Child][MessageChannel] Error: (msgtype=0x59000A,name=PHttpChannel::Msg_DeletingChannel) Channel closing: too late to send/recv, messages will be lost

[Parent 2968, Gecko_IOThread] WARNING: file /builds/worker/checkouts/gecko/ipc/chromium/src/base/process_util_win.cc, line 166
1601139852443	Marionette	INFO	Stopped listening on port 60026

###!!! [Child][RunMessage] Error: Channel closing: too late to send/recv, messages will be lost


###!!! [Child][MessageChannel::SendAndWait] Error: Channel error: cannot send/recv

1601214139402	mozrunner::runner	INFO	Running command: "C:\\Program Files\\Firefox Developer Edition\\firefox.exe" "-marionette" "-foreground" "-no-remote" "-profile" "C:\\Users\\marcelo\\AppData\\Local\\Temp\\rust_mozprofileNjpj9z"
Can't find symbol 'eglSwapBuffersWithDamageEXT'.
JavaScript error: resource://gre/modules/XULStore.jsm, line 66: Error: Can't find profile directory.
console.warn: SearchSettings: "get: No settings file exists, new profile?" (new Error("", "(unknown module)"))
1601214145763	Marionette	INFO	Listening on port 51557
1601214145824	Marionette	WARN	TLS certificate errors will be ignored for this session
JavaScript error: resource:///modules/UrlbarInput.jsm, line 1328: TypeError: (destructured parameter) is null
JavaScript error: resource:///modules/UrlbarInput.jsm, line 1328: TypeError: (destructured parameter) is null
JavaScript error: resource:///modules/UrlbarInput.jsm, line 1328: TypeError: (destructured parameter) is null
JavaScript error: resource:///modules/UrlbarInput.jsm, line 1328: TypeError: (destructured parameter) is null
JavaScript error: resource://gre/actors/AutoCompleteChild.jsm, line 235: Error: Invalid autocomplete selectedIndex
JavaScript error: resource://gre/modules/psm/RemoteSecuritySettings.jsm, line 805: NS_ERROR_ILLEGAL_VALUE: Component returned failure code: 0x80070057 (NS_ERROR_ILLEGAL_VALUE) [nsIXPCComponents_Utils.reportError]
1601219541573	Marionette	INFO	Stopped listening on port 51557

###!!! [Child][RunMessage] Error: Channel closing: too late to send/recv, messages will be lost


###!!! [Child][RunMessage] Error: Channel closing: too late to send/recv, messages will be lost


###!!! [Child][MessageChannel::SendAndWait] Error: Channel error: cannot send/recv

1601292121532	mozrunner::runner	INFO	Running command: "C:\\Program Files\\Firefox Developer Edition\\firefox.exe" "-marionette" "-foreground" "-no-remote" "-profile" "C:\\Users\\marcelo\\AppData\\Local\\Temp\\rust_mozprofilevWRrwV"
Can't find symbol 'eglSwapBuffersWithDamageEXT'.
JavaScript error: resource://gre/modules/XULStore.jsm, line 66: Error: Can't find profile directory.
console.warn: SearchSettings: "get: No settings file exists, new profile?" (new Error("", "(unknown module)"))

###!!! [Child][RunMessage] Error: Channel closing: too late to send/recv, messages will be lost

JavaScript error: resource:///modules/UrlbarInput.jsm, line 1328: TypeError: (destructured parameter) is null
JavaScript error: resource:///modules/UrlbarInput.jsm, line 1328: TypeError: (destructured parameter) is null
JavaScript error: resource:///modules/UrlbarInput.jsm, line 1328: TypeError: (destructured parameter) is null
JavaScript error: resource:///modules/UrlbarInput.jsm, line 1328: TypeError: (destructured parameter) is null
1601292159022	Marionette	INFO	Listening on port 65126
1601292159476	Marionette	WARN	TLS certificate errors will be ignored for this session
JavaScript error: resource://gre/actors/AutoCompleteChild.jsm, line 235: Error: Invalid autocomplete selectedIndex
JavaScript error: resource://gre/modules/psm/RemoteSecuritySettings.jsm, line 805: NS_ERROR_ILLEGAL_VALUE: Component returned failure code: 0x80070057 (NS_ERROR_ILLEGAL_VALUE) [nsIXPCComponents_Utils.reportError]
JavaScript error: resource:///modules/UrlbarInput.jsm, line 2725: TypeError: event.target.closest is not a function
console.error: (new Error("Connection closed, pending request to server0.conn0.child2/domstylerule206, type setRuleText failed\n\nRequest stack:\nrequest@resource://devtools/shared/protocol/Front.js:274:14\ngenerateRequestMethods/</frontProto[name]@resource://devtools/shared/protocol/Front/FrontClassWithSpec.js:46:19\nsetRuleText@resource://devtools/client/fronts/styles.js:308:18\napply/<@resource://devtools/client/fronts/inspector/rule-rewriter.js:692:24\nprocess@resource://gre/modules/Promise-backend.js:961:38\nwalkerLoop@resource://gre/modules/Promise-backend.js:845:29\nPromise*scheduleWalkerLoop@resource://gre/modules/Promise-backend.js:775:19\nschedulePromise@resource://gre/modules/Promise-backend.js:809:12\nPromise.prototype.then@resource://gre/modules/Promise-backend.js:483:19\napplyProperties@resource://devtools/client/inspector/rules/models/rule.js:499:8\nsetPropertyValue@resource://devtools/client/inspector/rules/models/rule.js:565:17\nsetValue@resource://devtools/client/inspector/rules/models/text-property.js:190:22\n_onValueDone@resource://devtools/client/inspector/rules/views/text-property-editor.js:1148:15\n_apply@resource://devtools/client/shared/inplace-editor.js:1039:19\n_onBlur@resource://devtools/client/shared/inplace-editor.js:1070:12\n", "resource://devtools/shared/protocol/Front.js", 98))
JavaScript error: , line 0: TypeError: NetworkError when attempting to fetch resource.
JavaScript error: chrome://marionette/content/listener.js, line 1314: TypeError: can't access dead object
JavaScript error: chrome://marionette/content/listener.js, line 1314: TypeError: can't access dead object
JavaScript error: chrome://marionette/content/listener.js, line 1314: TypeError: can't access dead object
JavaScript error: resource:///modules/UrlbarInput.jsm, line 2725: TypeError: event.target.closest is not a function
1601294738663	Marionette	INFO	Stopped listening on port 65126

###!!! [Child][RunMessage] Error: Channel closing: too late to send/recv, messages will be lost


###!!! [Child][MessageChannel::SendAndWait] Error: Channel error: cannot send/recv

glSwapBuffersWithDamageEXT'.
JavaScript error: resource://gre/modules/XULStore.jsm, line 66: Error: Can't find profile directory.
console.warn: SearchSettings: "get: No settings file exists, new profile?" (new Error("", "(unknown module)"))
1601294736445	Marionette	INFO	Listening on port 64448
1601294736670	Marionette	WARN	TLS certificate errors will be ignored for this session
JavaScript error: resource:///modules/UrlbarInput.jsm, line 1328: TypeError: (destructured parameter) is null
JavaScript error: resource:///modules/UrlbarInput.jsm, line 1328: TypeError: (destructured parameter) is null
JavaScript error: resource:///modules/UrlbarInput.jsm, line 1328: TypeError: (destructured parameter) is null
JavaScript error: resource:///modules/UrlbarInput.jsm, line 1328: TypeError: (destructured parameter) is null
JavaScript error: , line 0: TypeError: NetworkError when attempting to fetch resource.

###!!! [Child][RunMessage] Error: Channel closing: too late to send/recv, messages will be lost

1601295254489	Marionette	INFO	Stopped listening on port 64448

###!!! [Child][RunMessage] Error: Channel closing: too late to send/recv, messages will be lost


###!!! [Child][RunMessage] Error: Channel closing: too late to send/recv, messages will be lost


###!!! [Child][MessageChannel::SendAndWait] Error: Channel error: cannot send/recv

1601295504498	mozrunner::runner	INFO	Running command: "C:\\Program Files\\Firefox Developer Edition\\firefox.exe" "-marionette" "-foreground" "-no-remote" "-profile" "C:\\Users\\marcelo\\AppData\\Local\\Temp\\rust_mozprofileUvycx8"
Can't find symbol 'eglSwapBuffersWithDamageEXT'.
JavaScript error: resource://gre/modules/XULStore.jsm, line 66: Error: Can't find profile directory.
console.warn: SearchSettings: "get: No settings file exists, new profile?" (new Error("", "(unknown module)"))
1601295511679	Marionette	INFO	Listening on port 64560
1601295512121	Marionette	WARN	TLS certificate errors will be ignored for this session
JavaScript error: resource:///modules/UrlbarInput.jsm, line 1328: TypeError: (destructured parameter) is null
JavaScript error: resource:///modules/UrlbarInput.jsm, line 1328: TypeError: (destructured parameter) is null
JavaScript error: resource:///modules/UrlbarInput.jsm, line 1328: TypeError: (destructured parameter) is null
JavaScript error: resource:///modules/UrlbarInput.jsm, line 1328: TypeError: (destructured parameter) is null
JavaScript error: resource://gre/modules/psm/RemoteSecuritySettings.jsm, line 805: NS_ERROR_ILLEGAL_VALUE: Component returned failure code: 0x80070057 (NS_ERROR_ILLEGAL_VALUE) [nsIXPCComponents_Utils.reportError]
1601829935735	mozrunner::runner	INFO	Running command: "C:\\Program Files\\Firefox Developer Edition\\firefox.exe" "-marionette" "-foreground" "-no-remote" "-profile" "C:\\Users\\marcelo\\AppData\\Local\\Temp\\rust_mozprofileQfzMRi"
Can't find symbol 'eglSwapBuffersWithDamageEXT'.
JavaScript error: resource://gre/modules/XULStore.jsm, line 66: Error: Can't find profile directory.
console.warn: SearchSettings: "get: No settings file exists, new profile?" (new Error("", "(unknown module)"))
1601829946383	Marionette	INFO	Listening on port 53673
1601829946532	Marionette	WARN	TLS certificate errors will be ignored for this session
console.error: (new TypeError("can't access property \"treeChildren\", parent is null", "resource://devtools/client/inspector/shared/style-change-tracker.js", 67))
TypeError: can't access property "treeChildren", parent is null: canMutationImpactCurrentStyles@resource://devtools/client/inspector/shared/style-change-tracker.js:67:24
onMutations@resource://devtools/client/inspector/shared/style-change-tracker.js:84:41
_emit@resource://devtools/shared/event-emitter.js:226:34
emit@resource://devtools/shared/event-emitter.js:172:18
emit@resource://devtools/shared/event-emitter.js:324:18
getMutations@resource://devtools/client/fronts/walker.js:398:10

JavaScript error: resource://gre/modules/psm/RemoteSecuritySettings.jsm, line 805: NS_ERROR_ILLEGAL_VALUE: Component returned failure code: 0x80070057 (NS_ERROR_ILLEGAL_VALUE) [nsIXPCComponents_Utils.reportError]
[Parent 6552, Gecko_IOThread] WARNING: file /builds/worker/checkouts/gecko/ipc/chromium/src/base/process_util_win.cc, line 166
1601830879042	Marionette	INFO	Stopped listening on port 53673

###!!! [Child][RunMessage] Error: Channel closing: too late to send/recv, messages will be lost


###!!! [Child][MessageChannel::SendAndWait] Error: Channel error: cannot send/recv

y.
console.warn: SearchSettings: "get: No settings file exists, new profile?" (new Error("", "(unknown module)"))
1601830672130	Marionette	INFO	Listening on port 64615
1601830672365	Marionette	WARN	TLS certificate errors will be ignored for this session
JavaScript error: resource://gre/modules/psm/RemoteSecuritySettings.jsm, line 805: NS_ERROR_ILLEGAL_VALUE: Component returned failure code: 0x80070057 (NS_ERROR_ILLEGAL_VALUE) [nsIXPCComponents_Utils.reportError]
[Child 1012, Chrome_ChildThread] WARNING: pipe error: 232: file /builds/worker/checkouts/gecko/ipc/chromium/src/chrome/common/ipc_channel_win.cc, line 545
1601832686008	Marionette	INFO	Stopped listening on port 64615

###!!! [Child][RunMessage] Error: Channel closing: too late to send/recv, messages will be lost


###!!! [Child][MessageChannel::SendAndWait] Error: Channel error: cannot send/recv

1601913240249	mozrunner::runner	INFO	Running command: "C:\\Program Files\\Firefox Developer Edition\\firefox.exe" "-marionette" "-foreground" "-no-remote" "-profile" "C:\\Users\\marcelo\\AppData\\Local\\Temp\\rust_mozprofile2uwMcW"
JavaScript error: resource://gre/modules/XULStore.jsm, line 66: Error: Can't find profile directory.
console.warn: SearchSettings: "get: No settings file exists, new profile?" (new Error("", "(unknown module)"))
1601913247325	Marionette	INFO	Listening on port 63568
1601913247764	Marionette	WARN	TLS certificate errors will be ignored for this session
1601913662095	Marionette	INFO	Stopped listening on port 63568

###!!! [Child][MessageChannel::SendAndWait] Error: Channel error: cannot send/recv

1603623901406	mozrunner::runner	INFO	Running command: "C:\\Program Files\\Firefox Developer Edition\\firefox.exe" "-marionette" "-foreground" "-no-remote" "-profile" "C:\\Users\\marcelo\\AppData\\Local\\Temp\\rust_mozprofilee7Bx1N"
Can't find symbol 'eglSwapBuffersWithDamageEXT'.
Can't find symbol 'eglSetDamageRegionKHR'.
JavaScript error: resource://gre/modules/XULStore.jsm, line 66: Error: Can't find profile directory.
console.warn: SearchSettings: "get: No settings file exists, new profile?" (new Error("", "(unknown module)"))
1603623910069	Marionette	INFO	Listening on port 52192
1603623910182	Marionette	WARN	TLS certificate errors will be ignored for this session
JavaScript error: resource://gre/modules/psm/RemoteSecuritySettings.jsm, line 805: NS_ERROR_ILLEGAL_VALUE: Component returned failure code: 0x80070057 (NS_ERROR_ILLEGAL_VALUE) [nsIXPCComponents_Utils.reportError]
1603624895417	Marionette	WARN	TimedPromise timed out after 500 ms: stacktrace:
TimedPromise/<@chrome://marionette/content/sync.js:228:19
TimedPromise@chrome://marionette/content/sync.js:213:10
interaction.flushEventLoop@chrome://marionette/content/interaction.js:418:10
webdriverClickElement@chrome://marionette/content/interaction.js:179:31
1603624897323	Marionette	WARN	TimedPromise timed out after 500 ms: stacktrace:
TimedPromise/<@chrome://marionette/content/sync.js:228:19
TimedPromise@chrome://marionette/content/sync.js:213:10
interaction.flushEventLoop@chrome://marionette/content/interaction.js:418:10
webdriverClickElement@chrome://marionette/content/interaction.js:179:31
1603624900933	Marionette	WARN	TimedPromise timed out after 500 ms: stacktrace:
TimedPromise/<@chrome://marionette/content/sync.js:228:19
TimedPromise@chrome://marionette/content/sync.js:213:10
interaction.flushEventLoop@chrome://marionette/content/interaction.js:418:10
webdriverClickElement@chrome://marionette/content/interaction.js:179:31
1603624904407	Marionette	WARN	TimedPromise timed out after 500 ms: stacktrace:
TimedPromise/<@chrome://marionette/content/sync.js:228:19
TimedPromise@chrome://marionette/content/sync.js:213:10
interaction.flushEventLoop@chrome://marionette/content/interaction.js:418:10
webdriverClickElement@chrome://marionette/content/interaction.js:179:31
1603624906366	Marionette	WARN	TimedPromise timed out after 500 ms: stacktrace:
TimedPromise/<@chrome://marionette/content/sync.js:228:19
TimedPromise@chrome://marionette/content/sync.js:213:10
interaction.flushEventLoop@chrome://marionette/content/interaction.js:418:10
webdriverClickElement@chrome://marionette/content/interaction.js:179:31
1603624908319	Marionette	WARN	TimedPromise timed out after 500 ms: stacktrace:
TimedPromise/<@chrome://marionette/content/sync.js:228:19
TimedPromise@chrome://marionette/content/sync.js:213:10
interaction.flushEventLoop@chrome://marionette/content/interaction.js:418:10
webdriverClickElement@chrome://marionette/content/interaction.js:179:31
1603624910264	Marionette	WARN	TimedPromise timed out after 500 ms: stacktrace:
TimedPromise/<@chrome://marionette/content/sync.js:228:19
TimedPromise@chrome://marionette/content/sync.js:213:10
interaction.flushEventLoop@chrome://marionette/content/interaction.js:418:10
webdriverClickElement@chrome://marionette/content/interaction.js:179:31
1603624913405	Marionette	WARN	TimedPromise timed out after 500 ms: stacktrace:
TimedPromise/<@chrome://marionette/content/sync.js:228:19
TimedPromise@chrome://marionette/content/sync.js:213:10
interaction.flushEventLoop@chrome://marionette/content/interaction.js:418:10
webdriverClickElement@chrome://marionette/content/interaction.js:179:31
1603624915381	Marionette	WARN	TimedPromise timed out after 500 ms: stacktrace:
TimedPromise/<@chrome://marionette/content/sync.js:228:19
TimedPromise@chrome://marionette/content/sync.js:213:10
interaction.flushEventLoop@chrome://marionette/content/interaction.js:418:10
webdriverClickElement@chrome://marionette/content/interaction.js:179:31
1603624918892	Marionette	WARN	TimedPromise timed out after 500 ms: stacktrace:
TimedPromise/<@chrome://marionette/content/sync.js:228:19
TimedPromise@chrome://marionette/content/sync.js:213:10
interaction.flushEventLoop@chrome://marionette/content/interaction.js:418:10
webdriverClickElement@chrome://marionette/content/interaction.js:179:31
1603624920877	Marionette	WARN	TimedPromise timed out after 500 ms: stacktrace:
TimedPromise/<@chrome://marionette/content/sync.js:228:19
TimedPromise@chrome://marionette/content/sync.js:213:10
interaction.flushEventLoop@chrome://marionette/content/interaction.js:418:10
webdriverClickElement@chrome://marionette/content/interaction.js:179:31
1603624930124	Marionette	INFO	Stopped listening on port 52192

###!!! [Child][RunMessage] Error: Channel closing: too late to send/recv, messages will be lost


###!!! [Child][MessageChannel::SendAndWait] Error: Channel error: cannot send/recv

